
*** Running vivado
    with args -log rx_mult_gen_0_0.vds -m64 -product Vivado -mode batch -messageDb vivado.pb -notrace -source rx_mult_gen_0_0.tcl



****** Vivado v2024.1 (64-bit)
  **** SW Build 5076996 on Wed May 22 18:37:14 MDT 2024
  **** IP Build 5075265 on Wed May 22 21:45:21 MDT 2024
  **** SharedData Build 5076995 on Wed May 22 18:29:18 MDT 2024
  **** Start of session at: Fri Dec 27 15:10:20 2024
    ** Copyright 1986-2022 Xilinx, Inc. All Rights Reserved.
    ** Copyright 2022-2024 Advanced Micro Devices, Inc. All Rights Reserved.

source rx_mult_gen_0_0.tcl -notrace
create_project: Time (s): cpu = 00:00:11 ; elapsed = 00:00:11 . Memory (MB): peak = 529.965 ; gain = 198.855
INFO: [IP_Flow 19-6924] IPCACHE: Running cache check for IP inst: rx_mult_gen_0_0
Command: synth_design -top rx_mult_gen_0_0 -part xc7z020clg484-1 -incremental_mode off -mode out_of_context
Starting synth_design
Attempting to get a license for feature 'Synthesis' and/or device 'xc7z020'
INFO: [Common 17-349] Got license for feature 'Synthesis' and/or device 'xc7z020'
INFO: [Device 21-403] Loading part xc7z020clg484-1
INFO: [Device 21-9227] Part: xc7z020clg484-1 does not have CEAM library.
INFO: [Synth 8-7079] Multithreading enabled for synth_design using a maximum of 2 processes.
INFO: [Synth 8-7078] Launching helper process for spawning children vivado processes
INFO: [Synth 8-7075] Helper process launched with PID 11328
---------------------------------------------------------------------------------
Starting RTL Elaboration : Time (s): cpu = 00:00:13 ; elapsed = 00:00:14 . Memory (MB): peak = 1419.250 ; gain = 448.051
---------------------------------------------------------------------------------
INFO: [Synth 8-638] synthesizing module 'rx_mult_gen_0_0' [c:/Users/Martin Stoyanov/IdeaProjects/va3aui/verilog/rx/rx.gen/sources_1/bd/rx/ip/rx_mult_gen_0_0/synth/rx_mult_gen_0_0.vhd:68]
WARNING: [Synth 8-5640] Port 'zero_detect' is missing in component declaration [c:/Users/Martin Stoyanov/IdeaProjects/va3aui/verilog/rx/rx.gen/sources_1/bd/rx/ip/rx_mult_gen_0_0/synth/rx_mult_gen_0_0.vhd:71]
WARNING: [Synth 8-5640] Port 'pcasc' is missing in component declaration [c:/Users/Martin Stoyanov/IdeaProjects/va3aui/verilog/rx/rx.gen/sources_1/bd/rx/ip/rx_mult_gen_0_0/synth/rx_mult_gen_0_0.vhd:71]
WARNING: [Synth 8-5640] Port 'pcasc_ext' is missing in component declaration [c:/Users/Martin Stoyanov/IdeaProjects/va3aui/verilog/rx/rx.gen/sources_1/bd/rx/ip/rx_mult_gen_0_0/synth/rx_mult_gen_0_0.vhd:71]
	Parameter C_VERBOSITY bound to: 0 - type: integer 
	Parameter C_MODEL_TYPE bound to: 0 - type: integer 
	Parameter C_OPTIMIZE_GOAL bound to: 1 - type: integer 
	Parameter C_XDEVICEFAMILY bound to: zynq - type: string 
	Parameter C_HAS_CE bound to: 0 - type: integer 
	Parameter C_HAS_SCLR bound to: 0 - type: integer 
	Parameter C_LATENCY bound to: 1 - type: integer 
	Parameter C_A_WIDTH bound to: 12 - type: integer 
	Parameter C_A_TYPE bound to: 0 - type: integer 
	Parameter C_B_WIDTH bound to: 20 - type: integer 
	Parameter C_B_TYPE bound to: 0 - type: integer 
	Parameter C_OUT_HIGH bound to: 31 - type: integer 
	Parameter C_OUT_LOW bound to: 0 - type: integer 
	Parameter C_MULT_TYPE bound to: 0 - type: integer 
	Parameter C_CE_OVERRIDES_SCLR bound to: 0 - type: integer 
	Parameter C_CCM_IMP bound to: 0 - type: integer 
	Parameter C_B_VALUE bound to: 10000001 - type: string 
	Parameter C_HAS_ZERO_DETECT bound to: 0 - type: integer 
	Parameter C_ROUND_OUTPUT bound to: 0 - type: integer 
	Parameter C_ROUND_PT bound to: 0 - type: integer 
INFO: [Synth 8-3491] module 'mult_gen_v12_0_21' declared at 'c:/Users/Martin Stoyanov/IdeaProjects/va3aui/verilog/rx/rx.gen/sources_1/bd/rx/ipshared/f2b8/hdl/mult_gen_v12_0_vh_rfs.vhd:21527' bound to instance 'U0' of component 'mult_gen_v12_0_21' [c:/Users/Martin Stoyanov/IdeaProjects/va3aui/verilog/rx/rx.gen/sources_1/bd/rx/ip/rx_mult_gen_0_0/synth/rx_mult_gen_0_0.vhd:121]
INFO: [Synth 8-256] done synthesizing module 'rx_mult_gen_0_0' (0#1) [c:/Users/Martin Stoyanov/IdeaProjects/va3aui/verilog/rx/rx.gen/sources_1/bd/rx/ip/rx_mult_gen_0_0/synth/rx_mult_gen_0_0.vhd:68]
WARNING: [Synth 8-7129] Port CE in module mult_gen_v12_0_21_viv is either unconnected or has no load
WARNING: [Synth 8-7129] Port SCLR in module mult_gen_v12_0_21_viv is either unconnected or has no load
---------------------------------------------------------------------------------
Finished RTL Elaboration : Time (s): cpu = 00:00:19 ; elapsed = 00:00:21 . Memory (MB): peak = 1567.895 ; gain = 596.695
---------------------------------------------------------------------------------
---------------------------------------------------------------------------------
Start Handling Custom Attributes
---------------------------------------------------------------------------------
---------------------------------------------------------------------------------
Finished Handling Custom Attributes : Time (s): cpu = 00:00:19 ; elapsed = 00:00:21 . Memory (MB): peak = 1567.895 ; gain = 596.695
---------------------------------------------------------------------------------
---------------------------------------------------------------------------------
Finished RTL Optimization Phase 1 : Time (s): cpu = 00:00:19 ; elapsed = 00:00:21 . Memory (MB): peak = 1567.895 ; gain = 596.695
---------------------------------------------------------------------------------
Netlist sorting complete. Time (s): cpu = 00:00:00 ; elapsed = 00:00:00.025 . Memory (MB): peak = 1567.895 ; gain = 0.000
INFO: [Netlist 29-17] Analyzing 384 Unisim elements for replacement
INFO: [Netlist 29-28] Unisim Transformation completed in 0 CPU seconds
INFO: [Project 1-570] Preparing netlist for logic optimization

Processing XDC Constraints
Initializing timing engine
Parsing XDC File [c:/Users/Martin Stoyanov/IdeaProjects/va3aui/verilog/rx/rx.gen/sources_1/bd/rx/ip/rx_mult_gen_0_0/rx_mult_gen_0_0_ooc.xdc] for cell 'U0'
Finished Parsing XDC File [c:/Users/Martin Stoyanov/IdeaProjects/va3aui/verilog/rx/rx.gen/sources_1/bd/rx/ip/rx_mult_gen_0_0/rx_mult_gen_0_0_ooc.xdc] for cell 'U0'
Parsing XDC File [C:/Users/Martin Stoyanov/IdeaProjects/va3aui/verilog/rx/rx.runs/rx_mult_gen_0_0_synth_1/dont_touch.xdc]
Finished Parsing XDC File [C:/Users/Martin Stoyanov/IdeaProjects/va3aui/verilog/rx/rx.runs/rx_mult_gen_0_0_synth_1/dont_touch.xdc]
Completed Processing XDC Constraints

Netlist sorting complete. Time (s): cpu = 00:00:00 ; elapsed = 00:00:00 . Memory (MB): peak = 1574.125 ; gain = 0.000
INFO: [Project 1-111] Unisim Transformation Summary:
  A total of 126 instances were transformed.
  MULT_AND => LUT2: 126 instances

Constraint Validation Runtime : Time (s): cpu = 00:00:00 ; elapsed = 00:00:00.032 . Memory (MB): peak = 1578.656 ; gain = 4.531
INFO: [Designutils 20-5008] Incremental synthesis strategy off
---------------------------------------------------------------------------------
Finished Constraint Validation : Time (s): cpu = 00:00:33 ; elapsed = 00:00:35 . Memory (MB): peak = 1578.656 ; gain = 607.457
---------------------------------------------------------------------------------
---------------------------------------------------------------------------------
Start Loading Part and Timing Information
---------------------------------------------------------------------------------
Loading part: xc7z020clg484-1
---------------------------------------------------------------------------------
Finished Loading Part and Timing Information : Time (s): cpu = 00:00:33 ; elapsed = 00:00:35 . Memory (MB): peak = 1578.656 ; gain = 607.457
---------------------------------------------------------------------------------
---------------------------------------------------------------------------------
Start Applying 'set_property' XDC Constraints
---------------------------------------------------------------------------------
Applied set_property KEEP_HIERARCHY = SOFT for U0. (constraint file  {C:/Users/Martin Stoyanov/IdeaProjects/va3aui/verilog/rx/rx.runs/rx_mult_gen_0_0_synth_1/dont_touch.xdc}, line 9).
---------------------------------------------------------------------------------
Finished applying 'set_property' XDC Constraints : Time (s): cpu = 00:00:33 ; elapsed = 00:00:35 . Memory (MB): peak = 1578.656 ; gain = 607.457
---------------------------------------------------------------------------------
---------------------------------------------------------------------------------
Finished RTL Optimization Phase 2 : Time (s): cpu = 00:00:33 ; elapsed = 00:00:36 . Memory (MB): peak = 1578.656 ; gain = 607.457
---------------------------------------------------------------------------------
---------------------------------------------------------------------------------
Start RTL Component Statistics 
---------------------------------------------------------------------------------
---------------------------------------------------------------------------------
Finished RTL Component Statistics 
---------------------------------------------------------------------------------
---------------------------------------------------------------------------------
Start Part Resource Summary
---------------------------------------------------------------------------------
Part Resources:
DSPs: 220 (col length:60)
BRAMs: 280 (col length: RAMB18 60 RAMB36 30)
---------------------------------------------------------------------------------
Finished Part Resource Summary
---------------------------------------------------------------------------------
---------------------------------------------------------------------------------
Start Cross Boundary and Area Optimization
---------------------------------------------------------------------------------
WARNING: [Synth 8-7080] Parallel synthesis criteria is not met
WARNING: [Synth 8-7129] Port CE in module mult_gen_v12_0_21_viv is either unconnected or has no load
WARNING: [Synth 8-7129] Port SCLR in module mult_gen_v12_0_21_viv is either unconnected or has no load
---------------------------------------------------------------------------------
Finished Cross Boundary and Area Optimization : Time (s): cpu = 00:00:36 ; elapsed = 00:00:39 . Memory (MB): peak = 1578.656 ; gain = 607.457
---------------------------------------------------------------------------------
---------------------------------------------------------------------------------
Start Applying XDC Timing Constraints
---------------------------------------------------------------------------------
---------------------------------------------------------------------------------
Finished Applying XDC Timing Constraints : Time (s): cpu = 00:00:47 ; elapsed = 00:00:49 . Memory (MB): peak = 1578.656 ; gain = 607.457
---------------------------------------------------------------------------------
---------------------------------------------------------------------------------
Start Timing Optimization
---------------------------------------------------------------------------------
---------------------------------------------------------------------------------
Finished Timing Optimization : Time (s): cpu = 00:00:47 ; elapsed = 00:00:49 . Memory (MB): peak = 1578.656 ; gain = 607.457
---------------------------------------------------------------------------------
---------------------------------------------------------------------------------
Start Technology Mapping
---------------------------------------------------------------------------------
---------------------------------------------------------------------------------
Finished Technology Mapping : Time (s): cpu = 00:00:47 ; elapsed = 00:00:50 . Memory (MB): peak = 1578.656 ; gain = 607.457
---------------------------------------------------------------------------------
---------------------------------------------------------------------------------
Start IO Insertion
---------------------------------------------------------------------------------
---------------------------------------------------------------------------------
Start Flattening Before IO Insertion
---------------------------------------------------------------------------------
---------------------------------------------------------------------------------
Finished Flattening Before IO Insertion
---------------------------------------------------------------------------------
---------------------------------------------------------------------------------
Start Final Netlist Cleanup
---------------------------------------------------------------------------------
---------------------------------------------------------------------------------
Finished Final Netlist Cleanup
---------------------------------------------------------------------------------
---------------------------------------------------------------------------------
Finished IO Insertion : Time (s): cpu = 00:00:54 ; elapsed = 00:00:57 . Memory (MB): peak = 1578.656 ; gain = 607.457
---------------------------------------------------------------------------------
---------------------------------------------------------------------------------
Start Renaming Generated Instances
---------------------------------------------------------------------------------
---------------------------------------------------------------------------------
Finished Renaming Generated Instances : Time (s): cpu = 00:00:54 ; elapsed = 00:00:57 . Memory (MB): peak = 1578.656 ; gain = 607.457
---------------------------------------------------------------------------------
---------------------------------------------------------------------------------
Start Rebuilding User Hierarchy
---------------------------------------------------------------------------------
---------------------------------------------------------------------------------
Finished Rebuilding User Hierarchy : Time (s): cpu = 00:00:54 ; elapsed = 00:00:57 . Memory (MB): peak = 1578.656 ; gain = 607.457
---------------------------------------------------------------------------------
---------------------------------------------------------------------------------
Start Renaming Generated Ports
---------------------------------------------------------------------------------
---------------------------------------------------------------------------------
Finished Renaming Generated Ports : Time (s): cpu = 00:00:54 ; elapsed = 00:00:57 . Memory (MB): peak = 1578.656 ; gain = 607.457
---------------------------------------------------------------------------------
---------------------------------------------------------------------------------
Start Handling Custom Attributes
---------------------------------------------------------------------------------
---------------------------------------------------------------------------------
Finished Handling Custom Attributes : Time (s): cpu = 00:00:54 ; elapsed = 00:00:57 . Memory (MB): peak = 1578.656 ; gain = 607.457
---------------------------------------------------------------------------------
---------------------------------------------------------------------------------
Start Renaming Generated Nets
---------------------------------------------------------------------------------
---------------------------------------------------------------------------------
Finished Renaming Generated Nets : Time (s): cpu = 00:00:54 ; elapsed = 00:00:57 . Memory (MB): peak = 1578.656 ; gain = 607.457
---------------------------------------------------------------------------------
---------------------------------------------------------------------------------
Start Writing Synthesis Report
---------------------------------------------------------------------------------

Report BlackBoxes: 
+-+--------------+----------+
| |BlackBox name |Instances |
+-+--------------+----------+
+-+--------------+----------+

Report Cell Usage: 
+------+---------+------+
|      |Cell     |Count |
+------+---------+------+
|1     |CARRY4   |    31|
|2     |LUT1     |     5|
|3     |LUT2     |   119|
|4     |LUT3     |    12|
|5     |LUT4     |   114|
|6     |MULT_AND |   126|
|7     |MUXCY    |   126|
|8     |XORCY    |   132|
|9     |FDRE     |    32|
+------+---------+------+
---------------------------------------------------------------------------------
Finished Writing Synthesis Report : Time (s): cpu = 00:00:54 ; elapsed = 00:00:57 . Memory (MB): peak = 1578.656 ; gain = 607.457
---------------------------------------------------------------------------------
Synthesis finished with 0 errors, 0 critical warnings and 3 warnings.
Synthesis Optimization Runtime : Time (s): cpu = 00:00:32 ; elapsed = 00:00:53 . Memory (MB): peak = 1578.656 ; gain = 596.695
Synthesis Optimization Complete : Time (s): cpu = 00:00:55 ; elapsed = 00:00:57 . Memory (MB): peak = 1578.656 ; gain = 607.457
INFO: [Project 1-571] Translating synthesized netlist
Netlist sorting complete. Time (s): cpu = 00:00:00 ; elapsed = 00:00:00.016 . Memory (MB): peak = 1578.656 ; gain = 0.000
INFO: [Netlist 29-17] Analyzing 415 Unisim elements for replacement
INFO: [Netlist 29-28] Unisim Transformation completed in 0 CPU seconds
INFO: [Project 1-570] Preparing netlist for logic optimization
INFO: [Opt 31-138] Pushed 0 inverter(s) to 0 load pin(s).
Netlist sorting complete. Time (s): cpu = 00:00:00 ; elapsed = 00:00:00 . Memory (MB): peak = 1578.656 ; gain = 0.000
INFO: [Project 1-111] Unisim Transformation Summary:
  A total of 162 instances were transformed.
  (MUXCY,XORCY) => CARRY4: 36 instances
  MULT_AND => LUT2: 126 instances

Synth Design complete | Checksum: ad8fe634
INFO: [Common 17-83] Releasing license: Synthesis
22 Infos, 8 Warnings, 0 Critical Warnings and 0 Errors encountered.
synth_design completed successfully
synth_design: Time (s): cpu = 00:01:04 ; elapsed = 00:01:08 . Memory (MB): peak = 1578.656 ; gain = 1035.586
Write ShapeDB Complete: Time (s): cpu = 00:00:00 ; elapsed = 00:00:00.004 . Memory (MB): peak = 1578.656 ; gain = 0.000
INFO: [Common 17-1381] The checkpoint 'C:/Users/Martin Stoyanov/IdeaProjects/va3aui/verilog/rx/rx.runs/rx_mult_gen_0_0_synth_1/rx_mult_gen_0_0.dcp' has been generated.
INFO: [Coretcl 2-1648] Added synthesis output to IP cache for IP rx_mult_gen_0_0, cache-ID = 71c09e8bf8f47eae
INFO: [Coretcl 2-1174] Renamed 3 cell refs.
Write ShapeDB Complete: Time (s): cpu = 00:00:00 ; elapsed = 00:00:00.007 . Memory (MB): peak = 1578.656 ; gain = 0.000
INFO: [Common 17-1381] The checkpoint 'C:/Users/Martin Stoyanov/IdeaProjects/va3aui/verilog/rx/rx.runs/rx_mult_gen_0_0_synth_1/rx_mult_gen_0_0.dcp' has been generated.
INFO: [Vivado 12-24828] Executing command : report_utilization -file rx_mult_gen_0_0_utilization_synth.rpt -pb rx_mult_gen_0_0_utilization_synth.pb
INFO: [Common 17-206] Exiting Vivado at Fri Dec 27 15:11:48 2024...
