********************************************************************************
* Unified simulation Tcl App stack trace dump
*
* File: .usf.tcl_error.log (Mon Jan 13 19:46:39 2025)
*
* This file is generated by the unified simulation automation and contains the
* tcl stack trace of error returned by the simulator App for the current run.
*
********************************************************************************
ERROR: [Common 17-39] 'rdi::get_sim_model_versions' failed due to earlier errors.

    while executing
"rdi::get_sim_model_versions"
    (procedure "xcs_set_common_vars" line 95)
    invoked from within
"xcs_set_common_vars a_sim_vars a_sim_mode_types"
    (procedure "usf_init_vars" line 12)
    invoked from within
"usf_init_vars"
    (procedure "tclapp::xilinx::xsim::setup" line 13)
    invoked from within
"tclapp::xilinx::xsim::setup { -simset sim_1 -mode behavioral -run_dir {C:/Users/Martin Stoyanov/IdeaProjects/va3aui/verilog/4_bit_counter/4_bit_counte..."
